<?xml version="1.0" encoding="UTF-8"?>
<!-- Generated by org.testng.reporters.JUnitXMLReporter -->
<testsuite hostname="PREETISH" name="Test" tests="2" failures="1" timestamp="21 Nov 2016 20:19:17 GMT" time="43.818" errors="0">
  <testcase name="Login_to_gitHub" time="19.661" classname="application_Test.CRM"/>
  <testcase name="Login_to_gitHub" time="20.512" classname="application_Test.CRM">
    <failure type="junit.framework.ComparisonFailure" message="invalid user expected:&amp;lt;...se...&amp;gt; but was:&amp;lt;......&amp;gt;">
      <![CDATA[junit.framework.ComparisonFailure: invalid user expected:<...se...> but was:<......>
	at junit.framework.Assert.assertEquals(Assert.java:81)
	at page.GitHubLogin_Page.Login_Method(GitHubLogin_Page.java:50)
	at application_Test.CRM.Login_to_gitHub(CRM.java:73)
... Removed 25 stack frames]]>
    </failure>
  </testcase> <!-- Login_to_gitHub -->
</testsuite> <!-- Test -->
